app/build/intermediates/manifest_merge_blame_file/debug/manifest-merger-blame-debug-report.txt
1<?xml version="1.0" encoding="utf-8"?>
2<manifest xmlns:android="http://schemas.android.com/apk/res/android"
3    package="com.platform.crpg"
4    android:versionCode="5"
5    android:versionName="1.1" >
6
7    <uses-sdk
8        android:minSdkVersion="23"
8-->src\main\AndroidManifest.xml
9        android:targetSdkVersion="28" />
9-->src\main\AndroidManifest.xml
10
11    <uses-permission android:name="com.android.alarm.permission.SET_ALARM" />
11-->src\main\AndroidManifest.xml:6:5-78
11-->src\main\AndroidManifest.xml:6:22-75
12    <uses-permission android:name="android.permission.CALL_PHONE" />
12-->src\main\AndroidManifest.xml:7:5-69
12-->src\main\AndroidManifest.xml:7:22-66
13    <uses-permission android:name="android.permission.RECORD_AUDIO" />
13-->src\main\AndroidManifest.xml:8:5-71
13-->src\main\AndroidManifest.xml:8:22-68
14    <uses-permission android:name="android.permission.READ_EXTERNAL_STORAGE" />
14-->src\main\AndroidManifest.xml:9:5-80
14-->src\main\AndroidManifest.xml:9:22-77
15    <uses-permission android:name="android.permission.WRITE_EXTERNAL_STORAGE" />
15-->src\main\AndroidManifest.xml:10:5-81
15-->src\main\AndroidManifest.xml:10:22-78
16    <uses-permission android:name="android.permission.ACCESS_NETWORK_STATE" />
16-->[com.google.android.exoplayer:exoplayer-core:2.13.3] AndroidManifest.xml:24:5-79
16-->[com.google.android.exoplayer:exoplayer-core:2.13.3] AndroidManifest.xml:24:22-76
17    <uses-permission android:name="android.permission.INTERNET" />
17-->[com.google.firebase:firebase-database:19.7.0] AndroidManifest.xml:26:5-67
17-->[com.google.firebase:firebase-database:19.7.0] AndroidManifest.xml:26:22-64
18
19    <application
19-->src\main\AndroidManifest.xml:12:5-36:19
20        android:name="com.plataforma.crpg.ui.agenda.TimelineApplication"
20-->src\main\AndroidManifest.xml:13:9-54
21        android:allowBackup="true"
21-->src\main\AndroidManifest.xml:14:9-35
22        android:appComponentFactory="androidx.core.app.CoreComponentFactory"
22-->[androidx.core:core:1.6.0-alpha03] AndroidManifest.xml:24:18-86
23        android:debuggable="true"
24        android:extractNativeLibs="false"
25        android:icon="@mipmap/ic_launcher"
25-->src\main\AndroidManifest.xml:15:9-43
26        android:label="@string/app_name"
26-->src\main\AndroidManifest.xml:16:9-41
27        android:supportsRtl="true"
27-->src\main\AndroidManifest.xml:17:9-35
28        android:testOnly="true"
29        android:theme="@style/AppTheme" >
29-->src\main\AndroidManifest.xml:18:9-40
30        <activity
30-->src\main\AndroidManifest.xml:20:9-35:20
31            android:name="com.plataforma.crpg.ui.MainActivity"
31-->src\main\AndroidManifest.xml:21:13-44
32            android:label="@string/app_name"
32-->src\main\AndroidManifest.xml:22:13-45
33            android:windowSoftInputMode="adjustPan" >
33-->src\main\AndroidManifest.xml:23:13-52
34            <intent-filter>
34-->src\main\AndroidManifest.xml:24:13-34:29
35                <action android:name="android.intent.action.MAIN" />
35-->src\main\AndroidManifest.xml:25:17-69
35-->src\main\AndroidManifest.xml:25:25-66
36                <action android:name="android.intent.action.SET_ALARM" />
36-->src\main\AndroidManifest.xml:26:17-74
36-->src\main\AndroidManifest.xml:26:25-71
37                <action android:name="android.intent.action.SHOW_ALARMS" />
37-->src\main\AndroidManifest.xml:27:17-76
37-->src\main\AndroidManifest.xml:27:25-73
38                <action android:name="android.intent.action.WRITE_EXTERNAL_STORAGE" />
38-->src\main\AndroidManifest.xml:28:17-87
38-->src\main\AndroidManifest.xml:28:25-84
39                <action android:name="android.intent.action.READ_EXTERNAL_STORAGE" />
39-->src\main\AndroidManifest.xml:29:17-86
39-->src\main\AndroidManifest.xml:29:25-83
40                <action android:name="android.intent.action.RECORD_AUDIO" />
40-->src\main\AndroidManifest.xml:30:17-77
40-->src\main\AndroidManifest.xml:30:25-74
41
42                <category android:name="android.intent.category.DEFAULT" />
42-->src\main\AndroidManifest.xml:32:17-76
42-->src\main\AndroidManifest.xml:32:27-73
43                <category android:name="android.intent.category.LAUNCHER" />
43-->src\main\AndroidManifest.xml:33:17-77
43-->src\main\AndroidManifest.xml:33:27-74
44            </intent-filter>
45        </activity>
46        <activity
46-->[com.github.dhaval2404:imagepicker:1.8] AndroidManifest.xml:15:9-18:68
47            android:name="com.github.dhaval2404.imagepicker.ImagePickerActivity"
47-->[com.github.dhaval2404:imagepicker:1.8] AndroidManifest.xml:16:13-81
48            android:screenOrientation="unspecified"
48-->[com.github.dhaval2404:imagepicker:1.8] AndroidManifest.xml:17:13-52
49            android:theme="@style/Theme.Transparent.ImagePicker" />
49-->[com.github.dhaval2404:imagepicker:1.8] AndroidManifest.xml:18:13-65
50        <activity
50-->[com.github.dhaval2404:imagepicker:1.8] AndroidManifest.xml:19:9-22:72
51            android:name="com.yalantis.ucrop.UCropActivity"
51-->[com.github.dhaval2404:imagepicker:1.8] AndroidManifest.xml:20:13-60
52            android:screenOrientation="portrait"
52-->[com.github.dhaval2404:imagepicker:1.8] AndroidManifest.xml:21:13-49
53            android:theme="@style/Theme.AppCompat.Light.NoActionBar" />
53-->[com.github.dhaval2404:imagepicker:1.8] AndroidManifest.xml:22:13-69
54
55        <provider
55-->[com.github.dhaval2404:imagepicker:1.8] AndroidManifest.xml:24:9-32:20
56            android:name="com.github.dhaval2404.imagepicker.ImagePickerFileProvider"
56-->[com.github.dhaval2404:imagepicker:1.8] AndroidManifest.xml:25:13-85
57            android:authorities="com.platform.crpg.imagepicker.provider"
57-->[com.github.dhaval2404:imagepicker:1.8] AndroidManifest.xml:26:13-72
58            android:exported="false"
58-->[com.github.dhaval2404:imagepicker:1.8] AndroidManifest.xml:27:13-37
59            android:grantUriPermissions="true" >
59-->[com.github.dhaval2404:imagepicker:1.8] AndroidManifest.xml:28:13-47
60            <meta-data
60-->[com.github.dhaval2404:imagepicker:1.8] AndroidManifest.xml:29:13-31:71
61                android:name="android.support.FILE_PROVIDER_PATHS"
61-->[com.github.dhaval2404:imagepicker:1.8] AndroidManifest.xml:30:17-67
62                android:resource="@xml/image_picker_provider_paths" />
62-->[com.github.dhaval2404:imagepicker:1.8] AndroidManifest.xml:31:17-68
63        </provider>
64
65        <service
65-->[com.google.firebase:firebase-database-ktx:19.7.0] AndroidManifest.xml:12:9-18:19
66            android:name="com.google.firebase.components.ComponentDiscoveryService"
66-->[com.google.firebase:firebase-database-ktx:19.7.0] AndroidManifest.xml:13:13-84
67            android:directBootAware="true"
67-->[com.google.firebase:firebase-common:19.5.0] AndroidManifest.xml:35:13-43
68            android:exported="false" >
68-->[com.google.firebase:firebase-database-ktx:19.7.0] AndroidManifest.xml:14:13-37
69            <meta-data
69-->[com.google.firebase:firebase-database-ktx:19.7.0] AndroidManifest.xml:15:13-17:85
70                android:name="com.google.firebase.components:com.google.firebase.database.ktx.FirebaseDatabaseKtxRegistrar"
70-->[com.google.firebase:firebase-database-ktx:19.7.0] AndroidManifest.xml:16:17-124
71                android:value="com.google.firebase.components.ComponentRegistrar" />
71-->[com.google.firebase:firebase-database-ktx:19.7.0] AndroidManifest.xml:17:17-82
72            <meta-data
72-->[com.google.firebase:firebase-common-ktx:19.5.0] AndroidManifest.xml:15:13-17:85
73                android:name="com.google.firebase.components:com.google.firebase.ktx.FirebaseCommonKtxRegistrar"
73-->[com.google.firebase:firebase-common-ktx:19.5.0] AndroidManifest.xml:16:17-113
74                android:value="com.google.firebase.components.ComponentRegistrar" />
74-->[com.google.firebase:firebase-common-ktx:19.5.0] AndroidManifest.xml:17:17-82
75            <meta-data
75-->[com.google.firebase:firebase-database:19.7.0] AndroidManifest.xml:32:13-34:85
76                android:name="com.google.firebase.components:com.google.firebase.database.DatabaseRegistrar"
76-->[com.google.firebase:firebase-database:19.7.0] AndroidManifest.xml:33:17-109
77                android:value="com.google.firebase.components.ComponentRegistrar" />
77-->[com.google.firebase:firebase-database:19.7.0] AndroidManifest.xml:34:17-82
78            <!--
79                This registrar is not defined in the dynamic-module-support sdk itself to allow non-firebase
80                clients to use it as well, by defining this registrar in their own core/common library.
81            -->
82            <meta-data
82-->[com.google.firebase:firebase-common:19.5.0] AndroidManifest.xml:43:13-45:85
83                android:name="com.google.firebase.components:com.google.firebase.dynamicloading.DynamicLoadingRegistrar"
83-->[com.google.firebase:firebase-common:19.5.0] AndroidManifest.xml:44:17-121
84                android:value="com.google.firebase.components.ComponentRegistrar" />
84-->[com.google.firebase:firebase-common:19.5.0] AndroidManifest.xml:45:17-82
85        </service>
86
87        <provider
87-->[com.google.firebase:firebase-common:19.5.0] AndroidManifest.xml:26:9-31:39
88            android:name="com.google.firebase.provider.FirebaseInitProvider"
88-->[com.google.firebase:firebase-common:19.5.0] AndroidManifest.xml:27:13-77
89            android:authorities="com.platform.crpg.firebaseinitprovider"
89-->[com.google.firebase:firebase-common:19.5.0] AndroidManifest.xml:28:13-72
90            android:directBootAware="true"
90-->[com.google.firebase:firebase-common:19.5.0] AndroidManifest.xml:29:13-43
91            android:exported="false"
91-->[com.google.firebase:firebase-common:19.5.0] AndroidManifest.xml:30:13-37
92            android:initOrder="100" />
92-->[com.google.firebase:firebase-common:19.5.0] AndroidManifest.xml:31:13-36
93
94        <activity
94-->[com.google.android.gms:play-services-base:17.0.0] AndroidManifest.xml:23:9-26:75
95            android:name="com.google.android.gms.common.api.GoogleApiActivity"
95-->[com.google.android.gms:play-services-base:17.0.0] AndroidManifest.xml:24:13-79
96            android:exported="false"
96-->[com.google.android.gms:play-services-base:17.0.0] AndroidManifest.xml:25:13-37
97            android:theme="@android:style/Theme.Translucent.NoTitleBar" />
97-->[com.google.android.gms:play-services-base:17.0.0] AndroidManifest.xml:26:13-72
98
99        <meta-data
99-->[com.google.android.gms:play-services-basement:17.0.0] AndroidManifest.xml:23:9-25:69
100            android:name="com.google.android.gms.version"
100-->[com.google.android.gms:play-services-basement:17.0.0] AndroidManifest.xml:24:13-58
101            android:value="@integer/google_play_services_version" />
101-->[com.google.android.gms:play-services-basement:17.0.0] AndroidManifest.xml:25:13-66
102    </application>
103
104</manifest>